[2026-06-26T13:19:54.480Z] Incoming Sync Request - userId: e81401d2-090c-47f0-b085-20b70de0c426, platform: google_play, productId: undefined, planId: undefined
[2026-06-26T13:19:54.542Z] Incoming Sync Request - userId: e81401d2-090c-47f0-b085-20b70de0c426, platform: google_play, productId: undefined, planId: undefined
[2026-06-26T13:19:54.819Z] Resolved subscriptionData: {"user_id":"e81401d2-090c-47f0-b085-20b70de0c426","status":"active","provider":"google_play","interval":"year","current_period_start":"2026-06-26T13:18:45Z","current_period_end":"2026-06-26T13:48:45Z","cancel_at_period_end":false,"canceled_at":null,"updated_at":"2026-06-26T13:19:54.819Z"}
[2026-06-26T13:19:54.849Z] Resolved subscriptionData: {"user_id":"e81401d2-090c-47f0-b085-20b70de0c426","status":"active","provider":"google_play","interval":"year","current_period_start":"2026-06-26T13:18:45Z","current_period_end":"2026-06-26T13:48:45Z","cancel_at_period_end":false,"canceled_at":null,"updated_at":"2026-06-26T13:19:54.849Z"}
[2026-06-26T13:55:18.397Z] Incoming Sync Request - userId: e81401d2-090c-47f0-b085-20b70de0c426, platform: google_play, productId: lexora_pro_monthly, planId: undefined
[2026-06-26T13:55:18.687Z] Resolved subscriptionData: {"user_id":"e81401d2-090c-47f0-b085-20b70de0c426","status":"active","provider":"google_play","interval":"month","current_period_start":"2026-06-26T13:55:13Z","current_period_end":"2026-06-26T14:00:13Z","cancel_at_period_end":false,"canceled_at":null,"updated_at":"2026-06-26T13:55:18.687Z"}
[2026-06-26T13:55:37.240Z] Incoming Sync Request - userId: e81401d2-090c-47f0-b085-20b70de0c426, platform: google_play, productId: lexora_pro_yearly, planId: undefined
[2026-06-26T13:55:37.631Z] Resolved subscriptionData: {"user_id":"e81401d2-090c-47f0-b085-20b70de0c426","status":"active","provider":"google_play","interval":"year","current_period_start":"2026-06-26T13:55:31Z","current_period_end":"2026-06-26T14:00:15Z","cancel_at_period_end":false,"canceled_at":null,"updated_at":"2026-06-26T13:55:37.631Z"}
[2026-06-26T13:55:59.293Z] Incoming Sync Request - userId: e81401d2-090c-47f0-b085-20b70de0c426, platform: google_play, productId: lexora_pro_monthly, planId: undefined
[2026-06-26T13:55:59.644Z] Resolved subscriptionData: {"user_id":"e81401d2-090c-47f0-b085-20b70de0c426","status":"active","provider":"google_play","interval":"month","current_period_start":"2026-06-26T13:55:53Z","current_period_end":"2026-06-26T14:00:17Z","cancel_at_period_end":false,"canceled_at":null,"updated_at":"2026-06-26T13:55:59.644Z"}
[2026-06-26T16:02:31.943Z] Incoming Sync Request - userId: e81401d2-090c-47f0-b085-20b70de0c426, platform: google_play, productId: lexora_pro_monthly, planId: undefined
[2026-06-26T16:02:32.316Z] Resolved subscriptionData: {"user_id":"e81401d2-090c-47f0-b085-20b70de0c426","status":"active","provider":"google_play","interval":"month","current_period_start":"2026-06-26T16:02:26Z","current_period_end":"2026-06-26T16:07:26Z","cancel_at_period_end":false,"canceled_at":null,"updated_at":"2026-06-26T16:02:32.316Z"}
[2026-06-26T16:02:57.099Z] Incoming Sync Request - userId: e81401d2-090c-47f0-b085-20b70de0c426, platform: google_play, productId: lexora_pro_yearly, planId: undefined
[2026-06-26T16:02:57.423Z] Resolved subscriptionData: {"user_id":"e81401d2-090c-47f0-b085-20b70de0c426","status":"active","provider":"google_play","interval":"year","current_period_start":"2026-06-26T16:02:51Z","current_period_end":"2026-06-26T16:07:29Z","cancel_at_period_end":false,"canceled_at":null,"updated_at":"2026-06-26T16:02:57.423Z"}
[2026-06-26T16:04:25.012Z] Incoming Sync Request - userId: e81401d2-090c-47f0-b085-20b70de0c426, platform: google_play, productId: lexora_pro_monthly, planId: undefined
[2026-06-26T16:04:25.453Z] Resolved subscriptionData: {"user_id":"e81401d2-090c-47f0-b085-20b70de0c426","status":"active","provider":"google_play","interval":"month","current_period_start":"2026-06-26T16:04:19Z","current_period_end":"2026-06-26T16:07:31Z","cancel_at_period_end":false,"canceled_at":null,"updated_at":"2026-06-26T16:04:25.453Z"}
[2026-06-26T16:14:48.785Z] Incoming Sync Request - userId: e81401d2-090c-47f0-b085-20b70de0c426, platform: google_play, productId: undefined, planId: undefined
[2026-06-26T16:14:48.894Z] Incoming Sync Request - userId: e81401d2-090c-47f0-b085-20b70de0c426, platform: google_play, productId: undefined, planId: undefined
[2026-06-26T16:14:49.184Z] Resolved subscriptionData: {"user_id":"e81401d2-090c-47f0-b085-20b70de0c426","status":"active","provider":"google_play","interval":"month","current_period_start":"2026-06-26T16:12:31Z","current_period_end":"2026-06-26T16:17:31Z","cancel_at_period_end":false,"canceled_at":null,"updated_at":"2026-06-26T16:14:49.184Z"}
[2026-06-26T16:14:49.188Z] Resolved subscriptionData: {"user_id":"e81401d2-090c-47f0-b085-20b70de0c426","status":"active","provider":"google_play","interval":"month","current_period_start":"2026-06-26T16:12:31Z","current_period_end":"2026-06-26T16:17:31Z","cancel_at_period_end":false,"canceled_at":null,"updated_at":"2026-06-26T16:14:49.188Z"}
[2026-06-26T16:23:04.532Z] Incoming Sync Request - userId: e81401d2-090c-47f0-b085-20b70de0c426, platform: google_play, productId: lexora_pro_monthly, planId: undefined
[2026-06-26T16:23:04.996Z] Resolved subscriptionData: {"user_id":"e81401d2-090c-47f0-b085-20b70de0c426","status":"active","provider":"google_play","interval":"month","current_period_start":"2026-06-26T16:22:59Z","current_period_end":"2026-06-26T16:27:59Z","cancel_at_period_end":false,"canceled_at":null,"updated_at":"2026-06-26T16:23:04.996Z"}
[2026-06-26T16:23:48.226Z] Incoming Sync Request - userId: e81401d2-090c-47f0-b085-20b70de0c426, platform: google_play, productId: lexora_pro_yearly, planId: undefined
[2026-06-26T16:23:48.723Z] Resolved subscriptionData: {"user_id":"e81401d2-090c-47f0-b085-20b70de0c426","status":"active","provider":"google_play","interval":"year","current_period_start":"2026-06-26T16:23:42Z","current_period_end":"2026-06-26T16:28:01Z","cancel_at_period_end":false,"canceled_at":null,"updated_at":"2026-06-26T16:23:48.723Z"}
[2026-06-26T16:29:39.802Z] Incoming Sync Request - userId: e81401d2-090c-47f0-b085-20b70de0c426, platform: google_play, productId: lexora_pro_monthly, planId: undefined
[2026-06-26T16:29:40.122Z] Resolved subscriptionData: {"user_id":"e81401d2-090c-47f0-b085-20b70de0c426","status":"active","provider":"google_play","interval":"month","current_period_start":"2026-06-26T16:29:33Z","current_period_end":"2026-06-26T16:58:18Z","cancel_at_period_end":false,"canceled_at":null,"updated_at":"2026-06-26T16:29:40.122Z"}
